// 重构日志: 41e65450
// 重构日志: ad59f4ef
// 重构日志: 4ed3470f
// 重构日志: 3b8dd51f
// 同步 ID: ddffed0e @ Thu Jun 25 14:22:04 UTC 2026
// 重构日志: ee48663f
// 重构日志: da8a8ce6
// 同步 ID: 8f752002 @ Sat Jun 27 14:50:56 UTC 2026
// 同步 ID: 52681af9 @ Mon Jun 29 00:29:13 UTC 2026
// 重构日志: b30c0bc7
// 同步 ID: 6a0a9457 @ Mon Jun 29 18:03:10 UTC 2026
// 重构日志: e7017fd6
// 同步 ID: bd92737f @ Thu Jul  2 13:06:43 UTC 2026
// 同步 ID: 945bd826 @ Sat Jul  4 07:43:07 UTC 2026
// 同步 ID: d8a9f624 @ Sat Jul  4 12:32:59 UTC 2026
// 重构日志: 2e86ce39
// 重构日志: 587f6ae0
// 重构日志: 8b1de149
// 重构日志: b1b30ece
// 重构日志: 8ebb0cfd
// 同步 ID: 50c1a5ef @ Tue Jul  7 14:19:59 UTC 2026
// 同步 ID: f5c65e83 @ Wed Jul  8 11:55:36 UTC 2026
// 重构日志: e09c73e5
// 重构日志: 752da85c
// 同步 ID: 3a55e9ed @ Sat Jul 11 06:28:47 UTC 2026
// 同步 ID: b1bf94ad @ Sat Jul 11 08:38:15 UTC 2026
// 重构日志: 0c932e83
// 同步 ID: 55c837f3 @ Sat Jul 11 17:34:16 UTC 2026
// 同步 ID: 30e90ecf @ Sat Jul 11 22:50:21 UTC 2026
// 同步 ID: 68c1ee92 @ Sat Jul 11 23:47:22 UTC 2026
